2025-02-07 14:05:55,475 [ 1] INFO  Unity: LoadingManager start
2025-02-07 14:05:58,482 [ 1] INFO  Unity: DataManager > DataManager()
2025-02-07 14:06:01,371 [ 1] INFO  Unity: UserLoginRequest::user:123 psw:123
2025-02-07 14:06:01,372 [ 1] INFO  Unity: ConnectToServer() Start 
2025-02-07 14:06:01,372 [ 1] INFO  Unity: DoConnect
2025-02-07 14:06:01,374 [ 1] INFO  Unity: NetClient.DoConnect on 127.0.0.1:8000
2025-02-07 14:06:01,375 [ 1] INFO  Unity: Connect[0] to server 127.0.0.1:8000

2025-02-07 14:06:01,377 [ 1] INFO  Unity: LoadingMesager::OnGameServerConnect :0 reason:Success
2025-02-07 14:06:01,460 [ 1] INFO  Unity: OnUserLogin:Success[None]
2025-02-07 14:06:01,463 [ 1] INFO  Unity: LoadLevel: CharacterSelect
2025-02-07 14:06:01,539 [ 1] WARN  Unity: Network.NetClient[195832] Awake
UnityEngine.Debug:LogWarningFormat(String, Object[])
MonoSingleton`1:Awake() (at Assets/Scripts/Utilities/MonoSingleton.cs:23)

2025-02-07 14:06:01,552 [ 1] INFO  Unity: LevelLoadCompleted:1
2025-02-07 14:06:01,558 [ 1] INFO  Unity: OnDestroy NetworkManager.
2025-02-07 14:06:01,558 [ 1] WARN  Unity: CloseConnection(), errorCode: 1007
UnityEngine.Debug:LogWarning(Object)
Network.NetClient:CloseConnection(Int32) (at Assets/Scripts/Network/NetClient.cs:176)
Network.NetClient:OnDestroy() (at Assets/Scripts/Network/NetClient.cs:171)

2025-02-07 14:06:02,246 [ 1] INFO  Unity: Select Char : [1 111 Warrior]
2025-02-07 14:06:03,860 [ 1] INFO  Unity: UserGameEnterRequest::charIndex:0
2025-02-07 14:06:03,875 [ 1] INFO  Unity: UserGameEnterResponse::Success None
2025-02-07 14:06:03,876 [ 1] INFO  Unity: OnMapCharacterEnter:Map:1 Count:1
2025-02-07 14:06:03,877 [ 1] INFO  Unity: AddCharacter:chaID:1 chaName:111 Map:1 Entity:0
2025-02-07 14:06:03,880 [ 1] INFO  Unity: LoadLevel: MainCity
2025-02-07 14:06:04,170 [ 1] WARN  Unity: GameObjectManager[-392706] Awake
UnityEngine.Debug:LogWarningFormat(String, Object[])
MonoSingleton`1:Awake() (at Assets/Scripts/Utilities/MonoSingleton.cs:23)

2025-02-07 14:06:04,179 [ 1] WARN  Unity: Assets.Scripts.UI.UIWorldElementManager[-392168] Awake
UnityEngine.Debug:LogWarningFormat(String, Object[])
MonoSingleton`1:Awake() (at Assets/Scripts/Utilities/MonoSingleton.cs:23)

2025-02-07 14:06:04,181 [ 1] WARN  Unity: MainPlayerCamera[197764] Awake
UnityEngine.Debug:LogWarningFormat(String, Object[])
MonoSingleton`1:Awake() (at Assets/Scripts/Utilities/MonoSingleton.cs:23)

2025-02-07 14:06:04,203 [ 1] INFO  Unity: LevelLoadCompleted:1
2025-02-07 14:06:04,205 [ 1] INFO  Unity: UpdateTransform::
2025-02-07 14:06:05,767 [ 1] INFO  Unity: LoadLevel: CharacterSelect
2025-02-07 14:06:05,768 [ 1] INFO  Unity: UserGameLeaveRequest::True
2025-02-07 14:06:05,835 [ 1] WARN  Unity: Network.NetClient[199832] Awake
UnityEngine.Debug:LogWarningFormat(String, Object[])
MonoSingleton`1:Awake() (at Assets/Scripts/Utilities/MonoSingleton.cs:23)

2025-02-07 14:06:05,845 [ 1] INFO  Unity: LevelLoadCompleted:1
2025-02-07 14:06:05,848 [ 1] INFO  Unity: OnDestroy NetworkManager.
2025-02-07 14:06:05,849 [ 1] WARN  Unity: CloseConnection(), errorCode: 1007
UnityEngine.Debug:LogWarning(Object)
Network.NetClient:CloseConnection(Int32) (at Assets/Scripts/Network/NetClient.cs:176)
Network.NetClient:OnDestroy() (at Assets/Scripts/Network/NetClient.cs:171)

2025-02-07 14:06:06,543 [ 1] INFO  Unity: Select Char : [1 111 Warrior]
2025-02-07 14:06:07,511 [ 1] INFO  Unity: UserGameEnterRequest::charIndex:0
2025-02-07 14:06:07,524 [ 1] INFO  Unity: UserGameEnterResponse::Success None
2025-02-07 14:06:07,525 [ 1] INFO  Unity: OnMapCharacterEnter:Map:1 Count:1
2025-02-07 14:06:07,525 [ 1] INFO  Unity: AddCharacter:chaID:1 chaName:111 Map:1 Entity:0
2025-02-07 14:06:07,526 [ 1] INFO  Unity: LoadLevel: MainCity
2025-02-07 14:06:07,527 [ 1] INFO  Unity: UpdateTransform::
2025-02-07 14:06:07,803 [ 1] WARN  Unity: GameObjectManager[-400256] Awake
UnityEngine.Debug:LogWarningFormat(String, Object[])
MonoSingleton`1:Awake() (at Assets/Scripts/Utilities/MonoSingleton.cs:23)

2025-02-07 14:06:07,803 [ 1] WARN  Unity: Assets.Scripts.UI.UIWorldElementManager[-399718] Awake
UnityEngine.Debug:LogWarningFormat(String, Object[])
MonoSingleton`1:Awake() (at Assets/Scripts/Utilities/MonoSingleton.cs:23)

2025-02-07 14:06:07,804 [ 1] WARN  Unity: MainPlayerCamera[201764] Awake
UnityEngine.Debug:LogWarningFormat(String, Object[])
MonoSingleton`1:Awake() (at Assets/Scripts/Utilities/MonoSingleton.cs:23)

2025-02-07 14:06:07,823 [ 1] INFO  Unity: LevelLoadCompleted:1
2025-02-07 14:06:09,601 [ 1] INFO  Unity: MoveBack
2025-02-07 14:06:09,602 [ 1] INFO  Unity: MapEntitySync::
2025-02-07 14:06:09,602 [ 1] INFO  Unity: MoveBack
2025-02-07 14:06:09,603 [ 1] INFO  Unity: MapEntitySync::
2025-02-07 14:06:10,248 [ 1] INFO  Unity: Stop
2025-02-07 14:06:10,249 [ 1] INFO  Unity: MapEntitySync::
2025-02-07 14:06:10,249 [ 1] INFO  Unity: Stop
2025-02-07 14:06:10,249 [ 1] INFO  Unity: MapEntitySync::
2025-02-07 14:06:10,602 [ 1] INFO  Unity: SetDirection:(98, -20, 0)
2025-02-07 14:06:10,602 [ 1] INFO  Unity: MapEntitySync::
2025-02-07 14:06:10,602 [ 1] INFO  Unity: SetDirection:(98, -20, 0)
2025-02-07 14:06:10,603 [ 1] INFO  Unity: MapEntitySync::
2025-02-07 14:06:10,704 [ 1] INFO  Unity: SetDirection:(93, -38, 0)
2025-02-07 14:06:10,704 [ 1] INFO  Unity: MapEntitySync::
2025-02-07 14:06:10,704 [ 1] INFO  Unity: SetDirection:(93, -38, 0)
2025-02-07 14:06:10,705 [ 1] INFO  Unity: MapEntitySync::
2025-02-07 14:06:10,802 [ 1] INFO  Unity: SetDirection:(83, -56, 0)
2025-02-07 14:06:10,802 [ 1] INFO  Unity: MapEntitySync::
2025-02-07 14:06:10,802 [ 1] INFO  Unity: SetDirection:(83, -56, 0)
2025-02-07 14:06:10,803 [ 1] INFO  Unity: MapEntitySync::
2025-02-07 14:06:10,883 [ 1] INFO  Unity: SetDirection:(72, -70, 0)
2025-02-07 14:06:10,883 [ 1] INFO  Unity: MapEntitySync::
2025-02-07 14:06:10,883 [ 1] INFO  Unity: SetDirection:(72, -70, 0)
2025-02-07 14:06:10,884 [ 1] INFO  Unity: MapEntitySync::
2025-02-07 14:06:10,987 [ 1] INFO  Unity: SetDirection:(56, -83, 0)
2025-02-07 14:06:10,987 [ 1] INFO  Unity: MapEntitySync::
2025-02-07 14:06:10,988 [ 1] INFO  Unity: SetDirection:(56, -83, 0)
2025-02-07 14:06:10,988 [ 1] INFO  Unity: MapEntitySync::
2025-02-07 14:06:11,066 [ 1] INFO  Unity: SetDirection:(40, -91, 0)
2025-02-07 14:06:11,067 [ 1] INFO  Unity: MapEntitySync::
2025-02-07 14:06:11,067 [ 1] INFO  Unity: SetDirection:(40, -91, 0)
2025-02-07 14:06:11,067 [ 1] INFO  Unity: MapEntitySync::
2025-02-07 14:06:11,167 [ 1] INFO  Unity: SetDirection:(21, -98, 0)
2025-02-07 14:06:11,168 [ 1] INFO  Unity: MapEntitySync::
2025-02-07 14:06:11,168 [ 1] INFO  Unity: SetDirection:(21, -98, 0)
2025-02-07 14:06:11,169 [ 1] INFO  Unity: MapEntitySync::
2025-02-07 14:06:11,251 [ 1] INFO  Unity: SetDirection:(3, -100, 0)
2025-02-07 14:06:11,251 [ 1] INFO  Unity: MapEntitySync::
2025-02-07 14:06:11,251 [ 1] INFO  Unity: SetDirection:(3, -100, 0)
2025-02-07 14:06:11,252 [ 1] INFO  Unity: MapEntitySync::
2025-02-07 14:06:11,367 [ 1] INFO  Unity: SetDirection:(-15, -99, 0)
2025-02-07 14:06:11,367 [ 1] INFO  Unity: MapEntitySync::
2025-02-07 14:06:11,367 [ 1] INFO  Unity: SetDirection:(-15, -99, 0)
2025-02-07 14:06:11,367 [ 1] INFO  Unity: MapEntitySync::
2025-02-07 14:06:12,405 [ 1] INFO  Unity: MoveForward
2025-02-07 14:06:12,405 [ 1] INFO  Unity: MapEntitySync::
2025-02-07 14:06:12,406 [ 1] INFO  Unity: MoveForward
2025-02-07 14:06:12,406 [ 1] INFO  Unity: MapEntitySync::
2025-02-07 14:06:12,655 [ 1] INFO  Unity: SetDirection:(4, -100, 0)
2025-02-07 14:06:12,656 [ 1] INFO  Unity: MapEntitySync::
2025-02-07 14:06:12,656 [ 1] INFO  Unity: SetDirection:(4, -100, 0)
2025-02-07 14:06:12,656 [ 1] INFO  Unity: MapEntitySync::
2025-02-07 14:06:12,755 [ 1] INFO  Unity: SetDirection:(24, -97, 0)
2025-02-07 14:06:12,755 [ 1] INFO  Unity: MapEntitySync::
2025-02-07 14:06:12,755 [ 1] INFO  Unity: SetDirection:(24, -97, 0)
2025-02-07 14:06:12,756 [ 1] INFO  Unity: MapEntitySync::
2025-02-07 14:06:12,803 [ 1] INFO  Unity: Stop
2025-02-07 14:06:12,803 [ 1] INFO  Unity: MapEntitySync::
2025-02-07 14:06:12,804 [ 1] INFO  Unity: Stop
2025-02-07 14:06:12,804 [ 1] INFO  Unity: MapEntitySync::
2025-02-07 14:06:12,839 [ 1] INFO  Unity: SetDirection:(41, -91, 0)
2025-02-07 14:06:12,839 [ 1] INFO  Unity: MapEntitySync::
2025-02-07 14:06:12,840 [ 1] INFO  Unity: SetDirection:(41, -91, 0)
2025-02-07 14:06:12,840 [ 1] INFO  Unity: MapEntitySync::
2025-02-07 14:06:12,940 [ 1] INFO  Unity: SetDirection:(59, -81, 0)
2025-02-07 14:06:12,941 [ 1] INFO  Unity: MapEntitySync::
2025-02-07 14:06:12,941 [ 1] INFO  Unity: SetDirection:(59, -81, 0)
2025-02-07 14:06:12,942 [ 1] INFO  Unity: MapEntitySync::
2025-02-07 14:06:13,041 [ 1] INFO  Unity: SetDirection:(74, -67, 0)
2025-02-07 14:06:13,041 [ 1] INFO  Unity: MapEntitySync::
2025-02-07 14:06:13,042 [ 1] INFO  Unity: SetDirection:(74, -67, 0)
2025-02-07 14:06:13,042 [ 1] INFO  Unity: MapEntitySync::
2025-02-07 14:06:13,124 [ 1] INFO  Unity: SetDirection:(85, -53, 0)
2025-02-07 14:06:13,125 [ 1] INFO  Unity: MapEntitySync::
2025-02-07 14:06:13,125 [ 1] INFO  Unity: SetDirection:(85, -53, 0)
2025-02-07 14:06:13,125 [ 1] INFO  Unity: MapEntitySync::
2025-02-07 14:06:13,223 [ 1] INFO  Unity: SetDirection:(94, -34, 0)
2025-02-07 14:06:13,224 [ 1] INFO  Unity: MapEntitySync::
2025-02-07 14:06:13,224 [ 1] INFO  Unity: SetDirection:(94, -34, 0)
2025-02-07 14:06:13,224 [ 1] INFO  Unity: MapEntitySync::
2025-02-07 14:06:13,324 [ 1] INFO  Unity: SetDirection:(99, -14, 0)
2025-02-07 14:06:13,324 [ 1] INFO  Unity: MapEntitySync::
2025-02-07 14:06:13,324 [ 1] INFO  Unity: SetDirection:(99, -14, 0)
2025-02-07 14:06:13,325 [ 1] INFO  Unity: MapEntitySync::
2025-02-07 14:06:13,408 [ 1] INFO  Unity: SetDirection:(100, 4, 0)
2025-02-07 14:06:13,409 [ 1] INFO  Unity: MapEntitySync::
2025-02-07 14:06:13,409 [ 1] INFO  Unity: SetDirection:(100, 4, 0)
2025-02-07 14:06:13,409 [ 1] INFO  Unity: MapEntitySync::
2025-02-07 14:06:13,509 [ 1] INFO  Unity: SetDirection:(97, 24, 0)
2025-02-07 14:06:13,509 [ 1] INFO  Unity: MapEntitySync::
2025-02-07 14:06:13,510 [ 1] INFO  Unity: SetDirection:(97, 24, 0)
2025-02-07 14:06:13,510 [ 1] INFO  Unity: MapEntitySync::
2025-02-07 14:06:13,589 [ 1] INFO  Unity: SetDirection:(91, 41, 0)
2025-02-07 14:06:13,589 [ 1] INFO  Unity: MapEntitySync::
2025-02-07 14:06:13,589 [ 1] INFO  Unity: SetDirection:(91, 41, 0)
2025-02-07 14:06:13,590 [ 1] INFO  Unity: MapEntitySync::
2025-02-07 14:06:13,692 [ 1] INFO  Unity: SetDirection:(81, 59, 0)
2025-02-07 14:06:13,692 [ 1] INFO  Unity: MapEntitySync::
2025-02-07 14:06:13,693 [ 1] INFO  Unity: SetDirection:(81, 59, 0)
2025-02-07 14:06:13,693 [ 1] INFO  Unity: MapEntitySync::
2025-02-07 14:06:13,791 [ 1] INFO  Unity: SetDirection:(67, 74, 0)
2025-02-07 14:06:13,791 [ 1] INFO  Unity: MapEntitySync::
2025-02-07 14:06:13,792 [ 1] INFO  Unity: SetDirection:(67, 74, 0)
2025-02-07 14:06:13,792 [ 1] INFO  Unity: MapEntitySync::
2025-02-07 14:06:13,874 [ 1] INFO  Unity: SetDirection:(53, 85, 0)
2025-02-07 14:06:13,875 [ 1] INFO  Unity: MapEntitySync::
2025-02-07 14:06:13,875 [ 1] INFO  Unity: SetDirection:(53, 85, 0)
2025-02-07 14:06:13,875 [ 1] INFO  Unity: MapEntitySync::
2025-02-07 14:06:13,973 [ 1] INFO  Unity: SetDirection:(34, 94, 0)
2025-02-07 14:06:13,973 [ 1] INFO  Unity: MapEntitySync::
2025-02-07 14:06:13,974 [ 1] INFO  Unity: SetDirection:(34, 94, 0)
2025-02-07 14:06:13,974 [ 1] INFO  Unity: MapEntitySync::
2025-02-07 14:06:14,078 [ 1] INFO  Unity: SetDirection:(14, 99, 0)
2025-02-07 14:06:14,079 [ 1] INFO  Unity: MapEntitySync::
2025-02-07 14:06:14,079 [ 1] INFO  Unity: SetDirection:(14, 99, 0)
2025-02-07 14:06:14,079 [ 1] INFO  Unity: MapEntitySync::
2025-02-07 14:06:14,143 [ 1] INFO  Unity: MoveForward
2025-02-07 14:06:14,143 [ 1] INFO  Unity: MapEntitySync::
2025-02-07 14:06:14,144 [ 1] INFO  Unity: MoveForward
2025-02-07 14:06:14,144 [ 1] INFO  Unity: MapEntitySync::
2025-02-07 14:06:14,156 [ 1] INFO  Unity: SetDirection:(-4, 100, 0)
2025-02-07 14:06:14,157 [ 1] INFO  Unity: MapEntitySync::
2025-02-07 14:06:14,157 [ 1] INFO  Unity: SetDirection:(-4, 100, 0)
2025-02-07 14:06:14,157 [ 1] INFO  Unity: MapEntitySync::
2025-02-07 14:06:14,256 [ 1] INFO  Unity: SetDirection:(-22, 97, 0)
2025-02-07 14:06:14,256 [ 1] INFO  Unity: MapEntitySync::
2025-02-07 14:06:14,256 [ 1] INFO  Unity: SetDirection:(-22, 97, 0)
2025-02-07 14:06:14,257 [ 1] INFO  Unity: MapEntitySync::
2025-02-07 14:06:14,362 [ 1] INFO  Unity: Stop
2025-02-07 14:06:14,363 [ 1] INFO  Unity: MapEntitySync::
2025-02-07 14:06:14,363 [ 1] INFO  Unity: Stop
2025-02-07 14:06:14,363 [ 1] INFO  Unity: MapEntitySync::
2025-02-07 14:06:14,377 [ 1] INFO  Unity: MoveForward
2025-02-07 14:06:14,377 [ 1] INFO  Unity: MapEntitySync::
2025-02-07 14:06:14,379 [ 1] INFO  Unity: MoveForward
2025-02-07 14:06:14,379 [ 1] INFO  Unity: MapEntitySync::
2025-02-07 14:06:14,425 [ 1] INFO  Unity: SetDirection:(-40, 92, 0)
2025-02-07 14:06:14,426 [ 1] INFO  Unity: MapEntitySync::
2025-02-07 14:06:14,426 [ 1] INFO  Unity: SetDirection:(-40, 92, 0)
2025-02-07 14:06:14,426 [ 1] INFO  Unity: MapEntitySync::
2025-02-07 14:06:14,740 [ 1] INFO  Unity: SetDirection:(-23, 97, 0)
2025-02-07 14:06:14,741 [ 1] INFO  Unity: MapEntitySync::
2025-02-07 14:06:14,741 [ 1] INFO  Unity: SetDirection:(-23, 97, 0)
2025-02-07 14:06:14,741 [ 1] INFO  Unity: MapEntitySync::
2025-02-07 14:06:14,841 [ 1] INFO  Unity: SetDirection:(-4, 100, 0)
2025-02-07 14:06:14,841 [ 1] INFO  Unity: MapEntitySync::
2025-02-07 14:06:14,842 [ 1] INFO  Unity: SetDirection:(-4, 100, 0)
2025-02-07 14:06:14,842 [ 1] INFO  Unity: MapEntitySync::
2025-02-07 14:06:14,929 [ 1] INFO  Unity: SetDirection:(14, 99, 0)
2025-02-07 14:06:14,929 [ 1] INFO  Unity: MapEntitySync::
2025-02-07 14:06:14,930 [ 1] INFO  Unity: SetDirection:(14, 99, 0)
2025-02-07 14:06:14,930 [ 1] INFO  Unity: MapEntitySync::
2025-02-07 14:06:15,024 [ 1] INFO  Unity: SetDirection:(34, 94, 0)
2025-02-07 14:06:15,025 [ 1] INFO  Unity: MapEntitySync::
2025-02-07 14:06:15,025 [ 1] INFO  Unity: SetDirection:(34, 94, 0)
2025-02-07 14:06:15,026 [ 1] INFO  Unity: MapEntitySync::
2025-02-07 14:06:15,127 [ 1] INFO  Unity: SetDirection:(53, 85, 0)
2025-02-07 14:06:15,127 [ 1] INFO  Unity: MapEntitySync::
2025-02-07 14:06:15,127 [ 1] INFO  Unity: SetDirection:(53, 85, 0)
2025-02-07 14:06:15,127 [ 1] INFO  Unity: MapEntitySync::
2025-02-07 14:06:15,225 [ 1] INFO  Unity: SetDirection:(69, 72, 0)
2025-02-07 14:06:15,226 [ 1] INFO  Unity: MapEntitySync::
2025-02-07 14:06:15,226 [ 1] INFO  Unity: SetDirection:(69, 72, 0)
2025-02-07 14:06:15,227 [ 1] INFO  Unity: MapEntitySync::
2025-02-07 14:06:15,311 [ 1] INFO  Unity: SetDirection:(81, 59, 0)
2025-02-07 14:06:15,311 [ 1] INFO  Unity: MapEntitySync::
2025-02-07 14:06:15,311 [ 1] INFO  Unity: SetDirection:(81, 59, 0)
2025-02-07 14:06:15,312 [ 1] INFO  Unity: MapEntitySync::
2025-02-07 14:06:15,409 [ 1] INFO  Unity: SetDirection:(91, 41, 0)
2025-02-07 14:06:15,410 [ 1] INFO  Unity: MapEntitySync::
2025-02-07 14:06:15,410 [ 1] INFO  Unity: SetDirection:(91, 41, 0)
2025-02-07 14:06:15,410 [ 1] INFO  Unity: MapEntitySync::
2025-02-07 14:06:15,494 [ 1] INFO  Unity: SetDirection:(97, 25, 0)
2025-02-07 14:06:15,495 [ 1] INFO  Unity: MapEntitySync::
2025-02-07 14:06:15,495 [ 1] INFO  Unity: SetDirection:(97, 25, 0)
2025-02-07 14:06:15,495 [ 1] INFO  Unity: MapEntitySync::
2025-02-07 14:06:15,576 [ 1] INFO  Unity: SetDirection:(100, 7, 0)
2025-02-07 14:06:15,576 [ 1] INFO  Unity: MapEntitySync::
2025-02-07 14:06:15,577 [ 1] INFO  Unity: SetDirection:(100, 7, 0)
2025-02-07 14:06:15,577 [ 1] INFO  Unity: MapEntitySync::
2025-02-07 14:06:15,676 [ 1] INFO  Unity: SetDirection:(99, -14, 0)
2025-02-07 14:06:15,676 [ 1] INFO  Unity: MapEntitySync::
2025-02-07 14:06:15,677 [ 1] INFO  Unity: SetDirection:(99, -14, 0)
2025-02-07 14:06:15,677 [ 1] INFO  Unity: MapEntitySync::
2025-02-07 14:06:15,777 [ 1] INFO  Unity: SetDirection:(94, -34, 0)
2025-02-07 14:06:15,777 [ 1] INFO  Unity: MapEntitySync::
2025-02-07 14:06:15,777 [ 1] INFO  Unity: SetDirection:(94, -34, 0)
2025-02-07 14:06:15,778 [ 1] INFO  Unity: MapEntitySync::
2025-02-07 14:06:15,879 [ 1] INFO  Unity: SetDirection:(85, -53, 0)
2025-02-07 14:06:15,879 [ 1] INFO  Unity: MapEntitySync::
2025-02-07 14:06:15,880 [ 1] INFO  Unity: SetDirection:(85, -53, 0)
2025-02-07 14:06:15,880 [ 1] INFO  Unity: MapEntitySync::
2025-02-07 14:06:15,976 [ 1] INFO  Unity: SetDirection:(72, -69, 0)
2025-02-07 14:06:15,976 [ 1] INFO  Unity: MapEntitySync::
2025-02-07 14:06:15,976 [ 1] INFO  Unity: SetDirection:(72, -69, 0)
2025-02-07 14:06:15,977 [ 1] INFO  Unity: MapEntitySync::
2025-02-07 14:06:16,060 [ 1] INFO  Unity: SetDirection:(59, -81, 0)
2025-02-07 14:06:16,060 [ 1] INFO  Unity: MapEntitySync::
2025-02-07 14:06:16,061 [ 1] INFO  Unity: SetDirection:(59, -81, 0)
2025-02-07 14:06:16,061 [ 1] INFO  Unity: MapEntitySync::
2025-02-07 14:06:16,164 [ 1] INFO  Unity: Stop
2025-02-07 14:06:16,165 [ 1] INFO  Unity: MapEntitySync::
2025-02-07 14:06:16,165 [ 1] INFO  Unity: SetDirection:(41, -91, 0)
2025-02-07 14:06:16,165 [ 1] INFO  Unity: MapEntitySync::
2025-02-07 14:06:16,165 [ 1] INFO  Unity: Stop
2025-02-07 14:06:16,166 [ 1] INFO  Unity: MapEntitySync::
2025-02-07 14:06:16,166 [ 1] INFO  Unity: SetDirection:(41, -91, 0)
2025-02-07 14:06:16,166 [ 1] INFO  Unity: MapEntitySync::
2025-02-07 14:06:16,243 [ 1] INFO  Unity: SetDirection:(25, -97, 0)
2025-02-07 14:06:16,244 [ 1] INFO  Unity: MapEntitySync::
2025-02-07 14:06:16,244 [ 1] INFO  Unity: SetDirection:(25, -97, 0)
2025-02-07 14:06:16,244 [ 1] INFO  Unity: MapEntitySync::
2025-02-07 14:06:16,331 [ 1] INFO  Unity: SetDirection:(7, -100, 0)
2025-02-07 14:06:16,331 [ 1] INFO  Unity: MapEntitySync::
2025-02-07 14:06:16,332 [ 1] INFO  Unity: SetDirection:(7, -100, 0)
2025-02-07 14:06:16,332 [ 1] INFO  Unity: MapEntitySync::
2025-02-07 14:06:16,428 [ 1] INFO  Unity: SetDirection:(-14, -99, 0)
2025-02-07 14:06:16,428 [ 1] INFO  Unity: MapEntitySync::
2025-02-07 14:06:16,429 [ 1] INFO  Unity: SetDirection:(-14, -99, 0)
2025-02-07 14:06:16,429 [ 1] INFO  Unity: MapEntitySync::
2025-02-07 14:06:16,528 [ 1] INFO  Unity: SetDirection:(-34, -94, 0)
2025-02-07 14:06:16,529 [ 1] INFO  Unity: MapEntitySync::
2025-02-07 14:06:16,529 [ 1] INFO  Unity: SetDirection:(-34, -94, 0)
2025-02-07 14:06:16,529 [ 1] INFO  Unity: MapEntitySync::
2025-02-07 14:06:16,629 [ 1] INFO  Unity: SetDirection:(-53, -85, 0)
2025-02-07 14:06:16,629 [ 1] INFO  Unity: MapEntitySync::
2025-02-07 14:06:16,630 [ 1] INFO  Unity: SetDirection:(-53, -85, 0)
2025-02-07 14:06:16,630 [ 1] INFO  Unity: MapEntitySync::
2025-02-07 14:06:16,728 [ 1] INFO  Unity: SetDirection:(-69, -72, 0)
2025-02-07 14:06:16,728 [ 1] INFO  Unity: MapEntitySync::
2025-02-07 14:06:16,729 [ 1] INFO  Unity: SetDirection:(-69, -72, 0)
2025-02-07 14:06:16,729 [ 1] INFO  Unity: MapEntitySync::
2025-02-07 14:06:16,814 [ 1] INFO  Unity: SetDirection:(-81, -59, 0)
2025-02-07 14:06:16,814 [ 1] INFO  Unity: MapEntitySync::
2025-02-07 14:06:16,815 [ 1] INFO  Unity: SetDirection:(-81, -59, 0)
2025-02-07 14:06:16,815 [ 1] INFO  Unity: MapEntitySync::
2025-02-07 14:06:16,914 [ 1] INFO  Unity: SetDirection:(-91, -41, 0)
2025-02-07 14:06:16,915 [ 1] INFO  Unity: MapEntitySync::
2025-02-07 14:06:16,915 [ 1] INFO  Unity: SetDirection:(-91, -41, 0)
2025-02-07 14:06:16,915 [ 1] INFO  Unity: MapEntitySync::
2025-02-07 14:06:17,016 [ 1] INFO  Unity: SetDirection:(-98, -22, 0)
2025-02-07 14:06:17,016 [ 1] INFO  Unity: MapEntitySync::
2025-02-07 14:06:17,017 [ 1] INFO  Unity: SetDirection:(-98, -22, 0)
2025-02-07 14:06:17,017 [ 1] INFO  Unity: MapEntitySync::
2025-02-07 14:06:17,149 [ 1] INFO  Unity: SetDirection:(-100, -4, 0)
2025-02-07 14:06:17,149 [ 1] INFO  Unity: MapEntitySync::
2025-02-07 14:06:17,150 [ 1] INFO  Unity: SetDirection:(-100, -4, 0)
2025-02-07 14:06:17,150 [ 1] INFO  Unity: MapEntitySync::
2025-02-07 14:06:30,476 [ 1] INFO  Unity: SetPosition:(4918, 4160, 820)
2025-02-07 14:06:30,476 [ 1] INFO  Unity: MapEntitySync::
2025-02-07 14:06:33,750 [ 1] INFO  Unity: SetPosition:(4918, 4159, 820)
2025-02-07 14:06:33,751 [ 1] INFO  Unity: MapEntitySync::
2025-02-07 14:06:40,681 [ 1] INFO  Unity: SetPosition:(4818, 4156, 820)
2025-02-07 14:06:40,681 [ 1] INFO  Unity: MapEntitySync::
2025-02-07 14:06:43,949 [ 1] INFO  Unity: SetPosition:(4818, 4155, 820)
2025-02-07 14:06:43,950 [ 1] INFO  Unity: MapEntitySync::
2025-02-07 14:06:50,882 [ 1] INFO  Unity: SetPosition:(4718, 4152, 820)
2025-02-07 14:06:50,882 [ 1] INFO  Unity: MapEntitySync::
2025-02-07 14:06:54,156 [ 1] INFO  Unity: SetPosition:(4718, 4151, 820)
2025-02-07 14:06:54,156 [ 1] INFO  Unity: MapEntitySync::
2025-02-07 14:07:01,087 [ 1] INFO  Unity: SetPosition:(4618, 4148, 820)
2025-02-07 14:07:01,088 [ 1] INFO  Unity: MapEntitySync::
2025-02-07 14:07:04,359 [ 1] INFO  Unity: SetPosition:(4618, 4147, 820)
2025-02-07 14:07:04,360 [ 1] INFO  Unity: MapEntitySync::
2025-02-07 14:07:11,288 [ 1] INFO  Unity: SetPosition:(4518, 4144, 820)
2025-02-07 14:07:11,299 [ 1] INFO  Unity: MapEntitySync::
2025-02-07 14:07:14,562 [ 1] INFO  Unity: SetPosition:(4518, 4143, 820)
2025-02-07 14:07:14,563 [ 1] INFO  Unity: MapEntitySync::
2025-02-07 14:07:21,495 [ 1] INFO  Unity: SetPosition:(4418, 4140, 820)
2025-02-07 14:07:21,495 [ 1] INFO  Unity: MapEntitySync::
2025-02-07 14:07:24,765 [ 1] INFO  Unity: SetPosition:(4418, 4139, 820)
2025-02-07 14:07:24,765 [ 1] INFO  Unity: MapEntitySync::
2025-02-07 14:07:30,131 [ 1] INFO  Unity: Character_12_111 OnDestroy :ID:12 POS:(4418, 4139, 820) DIR:(-100, -4, 0) SPD:0 
2025-02-07 14:07:30,131 [ 1] INFO  Unity: Character_13_111 OnDestroy :ID:13 POS:(4418, 4140, 820) DIR:(-100, -4, 0) SPD:0 
2025-02-07 14:07:30,133 [ 1] INFO  Unity: OnDestroy NetworkManager.
2025-02-07 14:07:30,133 [ 1] WARN  Unity: CloseConnection(), errorCode: 1007
UnityEngine.Debug:LogWarning(Object)
Network.NetClient:CloseConnection(Int32) (at Assets/Scripts/Network/NetClient.cs:176)
Network.NetClient:OnDestroy() (at Assets/Scripts/Network/NetClient.cs:171)

2025-02-07 14:07:34,669 [ 1] WARN  Unity: Assets/Scripts/GameObject/EntityController.cs(19,16): warning CS0649: Field `EntityController.rotation' is never assigned to, and will always have its default value

2025-02-07 14:07:34,669 [ 1] WARN  Unity: Assets/Scripts/GameObject/EntityController.cs(22,16): warning CS0414: The private field `EntityController.lastRotation' is assigned but its value is never used

2025-02-07 14:07:34,669 [ 1] WARN  Unity: Assets/Scripts/GameObject/EntityController.cs(32,17): warning CS0414: The private field `EntityController.currentRide' is assigned but its value is never used

2025-02-07 14:07:34,670 [ 1] WARN  Unity: Assets/Scripts/GameObject/PlayerInputController.cs(98,11): warning CS0414: The private field `PlayerInputController.lastSync' is assigned but its value is never used

2025-02-07 14:07:34,670 [ 1] WARN  Unity: Assets/Scripts/Services/UserService.cs(25,63): warning CS0649: Field `Services.UserService.OnGameEnter' is never assigned to, and will always have its default value `null'

2025-02-07 14:07:34,670 [ 1] WARN  Unity: Assets/Scripts/Services/UserService.cs(26,44): warning CS0649: Field `Services.UserService.OnGameLeave' is never assigned to, and will always have its default value `null'

